<?xml version="1.0" encoding="UTF-8"?>
<!-- Generated by org.testng.reporters.JUnitXMLReporter -->
<testsuite ignored="0" hostname="DESKTOP-57QL2OO" failures="1" tests="9" name="Regression" time="95.317" errors="0" timestamp="2023-07-10T23:09:38 IST">
  <testcase classname="testNG.testNGProj.App" name="App1" time="2.14"/>
  <testcase classname="testNG.testNGProj.TestNGAssertion2" name="TestAssert" time="6.373"/>
  <testcase classname="testNG.testNGProj.TestNGAssertion3" name="hardAssert" time="0.029">
    <failure type="java.lang.AssertionError" message="expected [true] but found [false]">
      <![CDATA[java.lang.AssertionError: expected [true] but found [false]
at testNG.testNGProj.TestNGAssertion3.hardAssert(TestNGAssertion3.java:18)
at java.base/java.util.ArrayList.forEach(ArrayList.java:1541)
... Removed 31 stack frames]]>
    </failure>
  </testcase> <!-- hardAssert -->
  <testcase classname="testNG.testNGProj.TestNGAssertion3" name="softAssert" time="0.02"/>
  <testcase classname="testNG.testNGProj.TestNGParameters" name="TestMethod3" time="22.542"/>
  <testcase classname="testNG.testNGProj.TestNGParameters" name="TestMethod1" time="20.644"/>
  <testcase classname="testNG.testNGProj.TestNGParameters" name="TestMethod2" time="23.435"/>
  <testcase classname="testNG.testNGProj.TestNGAssertion" name="TestAssert" time="6.371"/>
  <testcase classname="testNG.testNGProj.DemoTestNG" name="display" time="0.002"/>
</testsuite> <!-- Regression -->
